This file contains any messages produced by compilers while
running configure, to aid debugging if configure makes a mistake.

It was created by configure, which was
generated by GNU Autoconf 2.60a.  Invocation command line was

  $ ./configure --prefix=/opt/emacs23

## --------- ##
## Platform. ##
## --------- ##

hostname = avishkaar
uname -m = x86_64
uname -r = 2.6.15-1-amd64-k8
uname -s = Linux
uname -v = #2 Tue Mar 7 06:53:26 UTC 2006

/usr/bin/uname -p = unknown
/bin/uname -X     = unknown

/bin/arch              = x86_64
/usr/bin/arch -k       = unknown
/usr/convex/getsysinfo = unknown
/usr/bin/hostinfo      = unknown
/bin/machine           = unknown
/usr/bin/oslevel       = unknown
/bin/universe          = unknown

PATH: /usr/local/bin
PATH: /usr/bin
PATH: /bin
PATH: /usr/bin/X11
PATH: /usr/games
PATH: /home/ike/mybin
PATH: /home/ike/mybin


## ----------- ##
## Core tests. ##
## ----------- ##

configure:1623: checking whether make sets $(MAKE)
configure:1644: result: yes
configure:1697: checking for a BSD-compatible install
configure:1753: result: /usr/bin/install -c
configure:1766: checking for makeinfo
configure:1782: found /usr/bin/makeinfo
configure:1794: result: makeinfo
configure:1804: checking for texi2dvi
configure:1820: found /usr/bin/texi2dvi
configure:1832: result: texi2dvi
configure:1842: checking for ptex
configure:1870: result: false
configure:1880: checking for jbibtex
configure:1908: result: false
configure:1918: checking for dvipdfmx
configure:1946: result: false
configure:1956: checking for texi2pdf
configure:1972: found /usr/bin/texi2pdf
configure:1984: result: texi2pdf
configure:1996: checking for egrep
configure:2012: found /bin/egrep
configure:2023: result: egrep
configure:2279: checking what a flavor does /opt/emacs23/bin/emacs-23.0.0 have
/opt/emacs23/bin/emacs-23.0.0 -q -no-site-file --no-unibyte -batch -eval '(let ((x (if (featurep (quote xemacs))	(if (and	     (condition-case nil		 (progn		   (unless (or itimer-process itimer-timer)		     (itimer-driver-start))		   (let* ((inhibit-quit t)			  (ctime (current-time))			  (itimer-timer-last-wakeup			   (prog1			       ctime			     (setcar ctime (1- (car ctime)))))			  (itimer-list nil)			  (itimer (start-itimer "*testing*"						(function ignore) 5)))		     (sleep-for 0.1)		     (prog1			 (> (itimer-value itimer) 0)		       (delete-itimer itimer))))	       (error nil))	     (string-match	      (concat (vector 94 92 40 63 58 32 43 92 41 42 92 91 92 93))	      (concat (vector 32 91 93)))	     (or (not (executable-find "cat"))		 (with-temp-buffer		   (insert "foo")		   (backward-char)		   (call-process-region (1- (point)) (point) "cat" t t)		   (goto-char (point-min))		   (looking-at "foo"))))	    "XEmacs"	  (let ((v (emacs-version)))	    (if (string-match (char-to-string 41) v)		(substring v 0 (match-end 0))	      "Old XEmacs")))      (format "Emacs %d.%d" emacs-major-version emacs-minor-version)))) (write-region (if (stringp x) (princ x) (prin1-to-string x)) nil "./conftest-7558" nil 5))'
Emacs 23.0=> Emacs 23.0
configure:2350: result: Emacs 23.0
configure:2403: checking where lisp files should go
configure:2425: result: $(prefix)/share/emacs/site-lisp/w3m/
configure:2567: checking where icon files should go
/opt/emacs23/bin/emacs-23.0.0 -q -no-site-file --no-unibyte -batch -eval '(let ((x (let ((prefix "/opt/emacs23")	      (default (expand-file-name "images/w3m" data-directory)))	  (if (and prefix		   (progn		     (setq prefix (file-name-as-directory prefix))		     (eq 0 (string-match (regexp-quote prefix) default))))	      (replace-match "$(prefix)/" nil nil default)	    default)))) (write-region (if (stringp x) (princ x) (prin1-to-string x)) nil "./conftest-7558" nil 5))'
$(prefix)/share/emacs/23.0.0/etc/images/w3m=> $(prefix)/share/emacs/23.0.0/etc/images/w3m
configure:2611: result: $(prefix)/share/emacs/23.0.0/etc/images/w3m
configure:2789: creating ./config.status

## ---------------------- ##
## Running config.status. ##
## ---------------------- ##

This file was extended by config.status, which was
generated by GNU Autoconf 2.60a.  Invocation command line was

  CONFIG_FILES    = 
  CONFIG_HEADERS  = 
  CONFIG_LINKS    = 
  CONFIG_COMMANDS = 
  $ ./config.status 

on avishkaar

config.status:570: creating Makefile
config.status:705: WARNING:  Makefile.in seems to ignore the --datarootdir setting
config.status:570: creating doc/Makefile
config.status:705: WARNING:  doc/Makefile.in seems to ignore the --datarootdir setting

## ---------------- ##
## Cache variables. ##
## ---------------- ##

EMACS_cv_SYS_flavor='Emacs 23.0'
EMACS_cv_SYS_icondir='$(prefix)/share/emacs/23.0.0/etc/images/w3m'
ac_cv_env_build_alias_set=
ac_cv_env_build_alias_value=
ac_cv_env_host_alias_set=
ac_cv_env_host_alias_value=
ac_cv_env_target_alias_set=
ac_cv_env_target_alias_value=
ac_cv_path_install='/usr/bin/install -c'
ac_cv_prog_DVIPDFMX=false
ac_cv_prog_EGREP=egrep
ac_cv_prog_JBIBTEX=false
ac_cv_prog_MAKEINFO=makeinfo
ac_cv_prog_PTEX=false
ac_cv_prog_TEXI2DVI=texi2dvi
ac_cv_prog_TEXI2PDF=texi2pdf
ac_cv_prog_make_make_set=yes

## ----------------- ##
## Output variables. ##
## ----------------- ##

ADDITIONAL_LOAD_PATH='NONE'
DEFS='-DPACKAGE_NAME=\"\" -DPACKAGE_TARNAME=\"\" -DPACKAGE_VERSION=\"\" -DPACKAGE_STRING=\"\" -DPACKAGE_BUGREPORT=\"\"'
DVIPDFMX='false'
ECHO_C=''
ECHO_N='-n'
ECHO_T=''
EGREP='egrep'
EMACS='/opt/emacs23/bin/emacs-23.0.0'
ICONDIR='$(prefix)/share/emacs/23.0.0/etc/images/w3m'
INSTALL_DATA='${INSTALL} -m 644'
INSTALL_PROGRAM='${INSTALL}'
INSTALL_SCRIPT='${INSTALL}'
JBIBTEX='false'
LIBOBJS=''
LIBS=''
LTLIBOBJS=''
MAKEINFO='makeinfo'
PACKAGEDIR='NONE'
PACKAGE_BUGREPORT=''
PACKAGE_NAME=''
PACKAGE_STRING=''
PACKAGE_TARNAME=''
PACKAGE_VERSION=''
PATH_SEPARATOR=':'
PTEX='false'
SET_MAKE=''
SHELL='/bin/sh'
TEXI2DVI='texi2dvi'
TEXI2PDF='texi2pdf'
VANILLA_FLAG='-q -no-site-file --no-unibyte'
bindir='${exec_prefix}/bin'
build_alias=''
datadir='${datarootdir}'
datarootdir='${prefix}/share'
docdir='${datarootdir}/doc/${PACKAGE}'
dvidir='${docdir}'
exec_prefix='${prefix}'
host_alias=''
htmldir='${docdir}'
includedir='${prefix}/include'
infodir='${datarootdir}/info'
libdir='${exec_prefix}/lib'
libexecdir='${exec_prefix}/libexec'
lispdir='$(prefix)/share/emacs/site-lisp/w3m'
localedir='${datarootdir}/locale'
localstatedir='${prefix}/var'
mandir='${datarootdir}/man'
oldincludedir='/usr/include'
pdfdir='${docdir}'
prefix='/opt/emacs23'
program_transform_name='s,x,x,'
psdir='${docdir}'
sbindir='${exec_prefix}/sbin'
sharedstatedir='${prefix}/com'
sysconfdir='${prefix}/etc'
target_alias=''

## ----------- ##
## confdefs.h. ##
## ----------- ##

#define PACKAGE_NAME ""
#define PACKAGE_TARNAME ""
#define PACKAGE_VERSION ""
#define PACKAGE_STRING ""
#define PACKAGE_BUGREPORT ""

configure: exit 0
