This file contains any messages produced by compilers while
running configure, to aid debugging if configure makes a mistake.

It was created by Tramp configure 2.1.9, which was
generated by GNU Autoconf 2.60.  Invocation command line was

  $ ./configure --with-contrib

## --------- ##
## Platform. ##
## --------- ##

hostname = w2k3-test
uname -m = i686
uname -r = 2.6.19-gentoo-r4
uname -s = Linux
uname -v = #1 SMP Sat Jan 6 01:54:52 UTC 2007

/usr/bin/uname -p = AMD Opteron(tm) Processor 240
/bin/uname -X     = unknown

/bin/arch              = i686
/usr/bin/arch -k       = unknown
/usr/convex/getsysinfo = unknown
/usr/bin/hostinfo      = unknown
/bin/machine           = unknown
/usr/bin/oslevel       = unknown
/bin/universe          = unknown

PATH: /usr/local/bin
PATH: /usr/bin
PATH: /bin
PATH: /opt/bin
PATH: /usr/athena/bin
PATH: /usr/i586-pc-linux-gnu/gcc-bin/4.1.1
PATH: /opt/ati/bin
PATH: /opt/blackdown-jdk-1.4.2.03/bin
PATH: /opt/blackdown-jdk-1.4.2.03/jre/bin
PATH: /usr/kde/3.5/bin
PATH: /usr/qt/3/bin
PATH: ${NXDIR}/bin
PATH: /usr/games/bin
PATH: /opt/vmware/server/bin


## ----------- ##
## Core tests. ##
## ----------- ##

configure:1638: Tramp 2.1.9
configure:1651: checking for gmake
configure:1667: found /usr/bin/gmake
configure:1678: result: gmake
configure:1696: checking for reasonable gmake version
configure:1699: result: ok
configure:1709: checking whether gmake sets $(MAKE)
configure:1730: result: yes
configure:1812: checking for emacs
configure:1829: found /usr/bin/emacs
configure:1841: result: yes
configure:1856: checking for emacs flavor
emacs --no-site-file -batch -eval (let ((x (if (featurep 'xemacs) "yes" "no"))) (write-region (if (stringp x) (princ x) (prin1-to-string x)) nil "./conftest-18857"))
configure:1879: result: 
configure:1881: error: calling emacs

## ---------------- ##
## Cache variables. ##
## ---------------- ##

ac_cv_env_build_alias_set=
ac_cv_env_build_alias_value=
ac_cv_env_host_alias_set=
ac_cv_env_host_alias_value=
ac_cv_env_target_alias_set=
ac_cv_env_target_alias_value=
ac_cv_prog_EMACS_test_emacs=yes
ac_cv_prog_MAKE=gmake
ac_cv_prog_make_gmake_set=yes

## ----------------- ##
## Output variables. ##
## ----------------- ##

DEFS=''
ECHO_C=''
ECHO_N='-n'
ECHO_T=''
EMACS='emacs'
EMACS_GW=''
EMACS_INFO=''
EMACS_test_emacs='yes'
FTP_UPLOAD=''
INSTALL_CHAPTER=''
INSTALL_INFO=''
JA_MANUAL=''
LIBOBJS=''
LIBS=''
LTLIBOBJS=''
MAKE='gmake'
MAKEINFO=''
PACKAGE_BUGREPORT='tramp-devel@gnu.org'
PACKAGE_NAME='Tramp'
PACKAGE_STRING='Tramp 2.1.9'
PACKAGE_TARNAME='tramp'
PACKAGE_VERSION='2.1.9'
PATH_SEPARATOR=':'
SET_MAKE=''
SHELL='/bin/sh'
TEXI2DVI=''
TRAMP_CLEAN_FILES=''
TRAMP_CONFIG_FILES=''
TRAMP_CONTRIB_FILES=''
TRAMP_EMACS_MERGE_VERSION='2.0.44'
TRAMP_EMACS_VERSION_CHECK=''
bindir='${exec_prefix}/bin'
build_alias=''
datadir='${datarootdir}'
datadir_default=''
datarootdir='${prefix}/share'
docdir='${datarootdir}/doc/${PACKAGE_TARNAME}'
dvidir='${docdir}'
exec_prefix='NONE'
host_alias=''
htmldir='${docdir}'
includedir='${prefix}/include'
infodir='${datarootdir}/info'
infodir_default=''
libdir='${exec_prefix}/lib'
libexecdir='${exec_prefix}/libexec'
lispdir=''
lispdir_default=''
localedir='${datarootdir}/locale'
localstatedir='${prefix}/var'
mandir='${datarootdir}/man'
oldincludedir='/usr/include'
pdfdir='${docdir}'
prefix='NONE'
prefix_default=''
program_transform_name='s,x,x,'
psdir='${docdir}'
sbindir='${exec_prefix}/sbin'
sharedstatedir='${prefix}/com'
sysconfdir='${prefix}/etc'
target_alias=''

## ----------- ##
## confdefs.h. ##
## ----------- ##

#define PACKAGE_NAME "Tramp"
#define PACKAGE_TARNAME "tramp"
#define PACKAGE_VERSION "2.1.9"
#define PACKAGE_STRING "Tramp 2.1.9"
#define PACKAGE_BUGREPORT "tramp-devel@gnu.org"

configure: exit 1
