This file contains any messages produced by compilers while
running configure, to aid debugging if configure makes a mistake.

It was created by configure, which was
generated by GNU Autoconf 2.59.  Invocation command line was

  $ ./configure --prefix=/home/ike/emacs-el/local --prefix=/home/ike/emacs-el/local --cache-file=/dev/null --srcdir=.

## --------- ##
## Platform. ##
## --------- ##

hostname = debianike
uname -m = i686
uname -r = 2.6.15.1
uname -s = Linux
uname -v = #1 PREEMPT Mon Mar 13 18:08:51 IST 2006

/usr/bin/uname -p = unknown
/bin/uname -X     = unknown

/bin/arch              = i686
/usr/bin/arch -k       = unknown
/usr/convex/getsysinfo = unknown
hostinfo               = unknown
/bin/machine           = unknown
/usr/bin/oslevel       = unknown
/bin/universe          = unknown

PATH: /usr/local/bin
PATH: /usr/bin
PATH: /bin
PATH: /usr/bin/X11
PATH: /usr/games
PATH: .
PATH: /home/ike/bash


## ----------- ##
## Core tests. ##
## ----------- ##

configure:1334: checking for gcc
configure:1350: found /usr/bin/gcc
configure:1360: result: gcc
configure:1604: checking for C compiler version
configure:1607: gcc --version </dev/null >&5
gcc (GCC) 3.3.5 (Debian 1:3.3.5-13)
Copyright (C) 2003 Free Software Foundation, Inc.
This is free software; see the source for copying conditions.  There is NO
warranty; not even for MERCHANTABILITY or FITNESS FOR A PARTICULAR PURPOSE.

configure:1610: $? = 0
configure:1612: gcc -v </dev/null >&5
Reading specs from /usr/lib/gcc-lib/i486-linux/3.3.5/specs
Configured with: ../src/configure -v --enable-languages=c,c++,java,f77,pascal,objc,ada,treelang --prefix=/usr --mandir=/usr/share/man --infodir=/usr/share/info --with-gxx-include-dir=/usr/include/c++/3.3 --enable-shared --enable-__cxa_atexit --with-system-zlib --enable-nls --without-included-gettext --enable-clocale=gnu --enable-debug --enable-java-gc=boehm --enable-java-awt=xlib --enable-objc-gc i486-linux
Thread model: posix
gcc version 3.3.5 (Debian 1:3.3.5-13)
configure:1615: $? = 0
configure:1617: gcc -V </dev/null >&5
gcc: `-V' option must have argument
configure:1620: $? = 1
configure:1643: checking for C compiler default output file name
configure:1646: gcc    conftest.c  >&5
configure:1649: $? = 0
configure:1695: result: a.out
configure:1700: checking whether the C compiler works
configure:1706: ./a.out
configure:1709: $? = 0
configure:1726: result: yes
configure:1733: checking whether we are cross compiling
configure:1735: result: no
configure:1738: checking for suffix of executables
configure:1740: gcc -o conftest    conftest.c  >&5
configure:1743: $? = 0
configure:1768: result: 
configure:1774: checking for suffix of object files
configure:1795: gcc -c   conftest.c >&5
configure:1798: $? = 0
configure:1820: result: o
configure:1824: checking whether we are using the GNU C compiler
configure:1848: gcc -c   conftest.c >&5
configure:1854: $? = 0
configure:1858: test -z 
			 || test ! -s conftest.err
configure:1861: $? = 0
configure:1864: test -s conftest.o
configure:1867: $? = 0
configure:1880: result: yes
configure:1886: checking whether gcc accepts -g
configure:1907: gcc -c -g  conftest.c >&5
configure:1913: $? = 0
configure:1917: test -z 
			 || test ! -s conftest.err
configure:1920: $? = 0
configure:1923: test -s conftest.o
configure:1926: $? = 0
configure:1937: result: yes
configure:1954: checking for gcc option to accept ANSI C
configure:2024: gcc  -c -g -O2  conftest.c >&5
configure:2030: $? = 0
configure:2034: test -z 
			 || test ! -s conftest.err
configure:2037: $? = 0
configure:2040: test -s conftest.o
configure:2043: $? = 0
configure:2061: result: none needed
configure:2079: gcc -c -g -O2  conftest.c >&5
conftest.c:2: error: syntax error before "me"
configure:2085: $? = 1
configure: failed program was:
| #ifndef __cplusplus
|   choke me
| #endif
configure:2256: checking for a BSD-compatible install
configure:2311: result: /usr/bin/install -c
configure:2324: checking for an ANSI C-conforming const
configure:2391: gcc -c -g -O2  conftest.c >&5
configure:2397: $? = 0
configure:2401: test -z 
			 || test ! -s conftest.err
configure:2404: $? = 0
configure:2407: test -s conftest.o
configure:2410: $? = 0
configure:2421: result: yes
configure:2436: checking how to run the C preprocessor
configure:2471: gcc -E  conftest.c
configure:2477: $? = 0
configure:2509: gcc -E  conftest.c
conftest.c:9:28: ac_nonexistent.h: No such file or directory
configure:2515: $? = 1
configure: failed program was:
| /* confdefs.h.  */
| 
| #define PACKAGE_NAME ""
| #define PACKAGE_TARNAME ""
| #define PACKAGE_VERSION ""
| #define PACKAGE_STRING ""
| #define PACKAGE_BUGREPORT ""
| /* end confdefs.h.  */
| #include <ac_nonexistent.h>
configure:2554: result: gcc -E
configure:2578: gcc -E  conftest.c
configure:2584: $? = 0
configure:2616: gcc -E  conftest.c
conftest.c:9:28: ac_nonexistent.h: No such file or directory
configure:2622: $? = 1
configure: failed program was:
| /* confdefs.h.  */
| 
| #define PACKAGE_NAME ""
| #define PACKAGE_TARNAME ""
| #define PACKAGE_VERSION ""
| #define PACKAGE_STRING ""
| #define PACKAGE_BUGREPORT ""
| /* end confdefs.h.  */
| #include <ac_nonexistent.h>
configure:2666: checking for egrep
configure:2676: result: grep -E
configure:2681: checking for uid_t in sys/types.h
configure:2704: result: yes
configure:2719: checking for ANSI C header files
configure:2744: gcc -c -g -O2  conftest.c >&5
configure:2750: $? = 0
configure:2754: test -z 
			 || test ! -s conftest.err
configure:2757: $? = 0
configure:2760: test -s conftest.o
configure:2763: $? = 0
configure:2849: gcc -o conftest -g -O2   conftest.c  >&5
configure:2852: $? = 0
configure:2854: ./conftest
configure:2857: $? = 0
configure:2872: result: yes
configure:2896: checking for sys/types.h
configure:2912: gcc -c -g -O2  conftest.c >&5
configure:2918: $? = 0
configure:2922: test -z 
			 || test ! -s conftest.err
configure:2925: $? = 0
configure:2928: test -s conftest.o
configure:2931: $? = 0
configure:2942: result: yes
configure:2896: checking for sys/stat.h
configure:2912: gcc -c -g -O2  conftest.c >&5
configure:2918: $? = 0
configure:2922: test -z 
			 || test ! -s conftest.err
configure:2925: $? = 0
configure:2928: test -s conftest.o
configure:2931: $? = 0
configure:2942: result: yes
configure:2896: checking for stdlib.h
configure:2912: gcc -c -g -O2  conftest.c >&5
configure:2918: $? = 0
configure:2922: test -z 
			 || test ! -s conftest.err
configure:2925: $? = 0
configure:2928: test -s conftest.o
configure:2931: $? = 0
configure:2942: result: yes
configure:2896: checking for string.h
configure:2912: gcc -c -g -O2  conftest.c >&5
configure:2918: $? = 0
configure:2922: test -z 
			 || test ! -s conftest.err
configure:2925: $? = 0
configure:2928: test -s conftest.o
configure:2931: $? = 0
configure:2942: result: yes
configure:2896: checking for memory.h
configure:2912: gcc -c -g -O2  conftest.c >&5
configure:2918: $? = 0
configure:2922: test -z 
			 || test ! -s conftest.err
configure:2925: $? = 0
configure:2928: test -s conftest.o
configure:2931: $? = 0
configure:2942: result: yes
configure:2896: checking for strings.h
configure:2912: gcc -c -g -O2  conftest.c >&5
configure:2918: $? = 0
configure:2922: test -z 
			 || test ! -s conftest.err
configure:2925: $? = 0
configure:2928: test -s conftest.o
configure:2931: $? = 0
configure:2942: result: yes
configure:2896: checking for inttypes.h
configure:2912: gcc -c -g -O2  conftest.c >&5
configure:2918: $? = 0
configure:2922: test -z 
			 || test ! -s conftest.err
configure:2925: $? = 0
configure:2928: test -s conftest.o
configure:2931: $? = 0
configure:2942: result: yes
configure:2896: checking for stdint.h
configure:2912: gcc -c -g -O2  conftest.c >&5
configure:2918: $? = 0
configure:2922: test -z 
			 || test ! -s conftest.err
configure:2925: $? = 0
configure:2928: test -s conftest.o
configure:2931: $? = 0
configure:2942: result: yes
configure:2896: checking for unistd.h
configure:2912: gcc -c -g -O2  conftest.c >&5
configure:2918: $? = 0
configure:2922: test -z 
			 || test ! -s conftest.err
configure:2925: $? = 0
configure:2928: test -s conftest.o
configure:2931: $? = 0
configure:2942: result: yes
configure:2954: checking for pid_t
configure:2978: gcc -c -g -O2  conftest.c >&5
configure:2984: $? = 0
configure:2988: test -z 
			 || test ! -s conftest.err
configure:2991: $? = 0
configure:2994: test -s conftest.o
configure:2997: $? = 0
configure:3008: result: yes
configure:3020: checking for size_t
configure:3044: gcc -c -g -O2  conftest.c >&5
configure:3050: $? = 0
configure:3054: test -z 
			 || test ! -s conftest.err
configure:3057: $? = 0
configure:3060: test -s conftest.o
configure:3063: $? = 0
configure:3074: result: yes
configure:3086: checking return type of signal handlers
configure:3117: gcc -c -g -O2  conftest.c >&5
configure:3123: $? = 0
configure:3127: test -z 
			 || test ! -s conftest.err
configure:3130: $? = 0
configure:3133: test -s conftest.o
configure:3136: $? = 0
configure:3147: result: void
configure:3155: checking for useconds_t
configure:3179: gcc -c -g -O2  conftest.c >&5
conftest.c: In function `main':
conftest.c:57: error: `useconds_t' undeclared (first use in this function)
conftest.c:57: error: (Each undeclared identifier is reported only once
conftest.c:57: error: for each function it appears in.)
conftest.c:57: error: syntax error before ')' token
configure:3185: $? = 1
configure: failed program was:
| /* confdefs.h.  */
| 
| #define PACKAGE_NAME ""
| #define PACKAGE_TARNAME ""
| #define PACKAGE_VERSION ""
| #define PACKAGE_STRING ""
| #define PACKAGE_BUGREPORT ""
| #define STDC_HEADERS 1
| #define HAVE_SYS_TYPES_H 1
| #define HAVE_SYS_STAT_H 1
| #define HAVE_STDLIB_H 1
| #define HAVE_STRING_H 1
| #define HAVE_MEMORY_H 1
| #define HAVE_STRINGS_H 1
| #define HAVE_INTTYPES_H 1
| #define HAVE_STDINT_H 1
| #define HAVE_UNISTD_H 1
| #define RETSIGTYPE void
| /* end confdefs.h.  */
| #include <stdio.h>
| #if HAVE_SYS_TYPES_H
| # include <sys/types.h>
| #endif
| #if HAVE_SYS_STAT_H
| # include <sys/stat.h>
| #endif
| #if STDC_HEADERS
| # include <stdlib.h>
| # include <stddef.h>
| #else
| # if HAVE_STDLIB_H
| #  include <stdlib.h>
| # endif
| #endif
| #if HAVE_STRING_H
| # if !STDC_HEADERS && HAVE_MEMORY_H
| #  include <memory.h>
| # endif
| # include <string.h>
| #endif
| #if HAVE_STRINGS_H
| # include <strings.h>
| #endif
| #if HAVE_INTTYPES_H
| # include <inttypes.h>
| #else
| # if HAVE_STDINT_H
| #  include <stdint.h>
| # endif
| #endif
| #if HAVE_UNISTD_H
| # include <unistd.h>
| #endif
| int
| main ()
| {
| if ((useconds_t *) 0)
|   return 0;
| if (sizeof (useconds_t))
|   return 0;
|   ;
|   return 0;
| }
configure:3209: result: no
configure:3221: checking for ssize_t
configure:3245: gcc -c -g -O2  conftest.c >&5
configure:3251: $? = 0
configure:3255: test -z 
			 || test ! -s conftest.err
configure:3258: $? = 0
configure:3261: test -s conftest.o
configure:3264: $? = 0
configure:3275: result: yes
configure:3301: checking for dirent.h that defines DIR
configure:3325: gcc -c -g -O2  conftest.c >&5
configure:3331: $? = 0
configure:3335: test -z 
			 || test ! -s conftest.err
configure:3338: $? = 0
configure:3341: test -s conftest.o
configure:3344: $? = 0
configure:3355: result: yes
configure:3368: checking for library containing opendir
configure:3398: gcc -o conftest -g -O2   conftest.c  >&5
configure:3404: $? = 0
configure:3408: test -z 
			 || test ! -s conftest.err
configure:3411: $? = 0
configure:3414: test -s conftest
configure:3417: $? = 0
configure:3487: result: none required
configure:3623: checking for ANSI C header files
configure:3776: result: yes
configure:3786: checking whether time.h and sys/time.h may both be included
configure:3811: gcc -c -g -O2  conftest.c >&5
configure:3817: $? = 0
configure:3821: test -z 
			 || test ! -s conftest.err
configure:3824: $? = 0
configure:3827: test -s conftest.o
configure:3830: $? = 0
configure:3841: result: yes
configure:3871: checking dir.h usability
configure:3883: gcc -c -g -O2  conftest.c >&5
conftest.c:58:17: dir.h: No such file or directory
configure:3889: $? = 1
configure: failed program was:
| /* confdefs.h.  */
| 
| #define PACKAGE_NAME ""
| #define PACKAGE_TARNAME ""
| #define PACKAGE_VERSION ""
| #define PACKAGE_STRING ""
| #define PACKAGE_BUGREPORT ""
| #define STDC_HEADERS 1
| #define HAVE_SYS_TYPES_H 1
| #define HAVE_SYS_STAT_H 1
| #define HAVE_STDLIB_H 1
| #define HAVE_STRING_H 1
| #define HAVE_MEMORY_H 1
| #define HAVE_STRINGS_H 1
| #define HAVE_INTTYPES_H 1
| #define HAVE_STDINT_H 1
| #define HAVE_UNISTD_H 1
| #define RETSIGTYPE void
| #define useconds_t int
| #define HAVE_DIRENT_H 1
| #define STDC_HEADERS 1
| #define TIME_WITH_SYS_TIME 1
| /* end confdefs.h.  */
| #include <stdio.h>
| #if HAVE_SYS_TYPES_H
| # include <sys/types.h>
| #endif
| #if HAVE_SYS_STAT_H
| # include <sys/stat.h>
| #endif
| #if STDC_HEADERS
| # include <stdlib.h>
| # include <stddef.h>
| #else
| # if HAVE_STDLIB_H
| #  include <stdlib.h>
| # endif
| #endif
| #if HAVE_STRING_H
| # if !STDC_HEADERS && HAVE_MEMORY_H
| #  include <memory.h>
| # endif
| # include <string.h>
| #endif
| #if HAVE_STRINGS_H
| # include <strings.h>
| #endif
| #if HAVE_INTTYPES_H
| # include <inttypes.h>
| #else
| # if HAVE_STDINT_H
| #  include <stdint.h>
| # endif
| #endif
| #if HAVE_UNISTD_H
| # include <unistd.h>
| #endif
| #include <dir.h>
configure:3912: result: no
configure:3916: checking dir.h presence
configure:3926: gcc -E  conftest.c
conftest.c:24:17: dir.h: No such file or directory
configure:3932: $? = 1
configure: failed program was:
| /* confdefs.h.  */
| 
| #define PACKAGE_NAME ""
| #define PACKAGE_TARNAME ""
| #define PACKAGE_VERSION ""
| #define PACKAGE_STRING ""
| #define PACKAGE_BUGREPORT ""
| #define STDC_HEADERS 1
| #define HAVE_SYS_TYPES_H 1
| #define HAVE_SYS_STAT_H 1
| #define HAVE_STDLIB_H 1
| #define HAVE_STRING_H 1
| #define HAVE_MEMORY_H 1
| #define HAVE_STRINGS_H 1
| #define HAVE_INTTYPES_H 1
| #define HAVE_STDINT_H 1
| #define HAVE_UNISTD_H 1
| #define RETSIGTYPE void
| #define useconds_t int
| #define HAVE_DIRENT_H 1
| #define STDC_HEADERS 1
| #define TIME_WITH_SYS_TIME 1
| /* end confdefs.h.  */
| #include <dir.h>
configure:3952: result: no
configure:3987: checking for dir.h
configure:3994: result: no
configure:3862: checking for unistd.h
configure:3867: result: yes
configure:3871: checking pwd.h usability
configure:3883: gcc -c -g -O2  conftest.c >&5
configure:3889: $? = 0
configure:3893: test -z 
			 || test ! -s conftest.err
configure:3896: $? = 0
configure:3899: test -s conftest.o
configure:3902: $? = 0
configure:3912: result: yes
configure:3916: checking pwd.h presence
configure:3926: gcc -E  conftest.c
configure:3932: $? = 0
configure:3952: result: yes
configure:3987: checking for pwd.h
configure:3994: result: yes
configure:3871: checking fcntl.h usability
configure:3883: gcc -c -g -O2  conftest.c >&5
configure:3889: $? = 0
configure:3893: test -z 
			 || test ! -s conftest.err
configure:3896: $? = 0
configure:3899: test -s conftest.o
configure:3902: $? = 0
configure:3912: result: yes
configure:3916: checking fcntl.h presence
configure:3926: gcc -E  conftest.c
configure:3932: $? = 0
configure:3952: result: yes
configure:3987: checking for fcntl.h
configure:3994: result: yes
configure:3871: checking io.h usability
configure:3883: gcc -c -g -O2  conftest.c >&5
conftest.c:61:16: io.h: No such file or directory
configure:3889: $? = 1
configure: failed program was:
| /* confdefs.h.  */
| 
| #define PACKAGE_NAME ""
| #define PACKAGE_TARNAME ""
| #define PACKAGE_VERSION ""
| #define PACKAGE_STRING ""
| #define PACKAGE_BUGREPORT ""
| #define STDC_HEADERS 1
| #define HAVE_SYS_TYPES_H 1
| #define HAVE_SYS_STAT_H 1
| #define HAVE_STDLIB_H 1
| #define HAVE_STRING_H 1
| #define HAVE_MEMORY_H 1
| #define HAVE_STRINGS_H 1
| #define HAVE_INTTYPES_H 1
| #define HAVE_STDINT_H 1
| #define HAVE_UNISTD_H 1
| #define RETSIGTYPE void
| #define useconds_t int
| #define HAVE_DIRENT_H 1
| #define STDC_HEADERS 1
| #define TIME_WITH_SYS_TIME 1
| #define HAVE_UNISTD_H 1
| #define HAVE_PWD_H 1
| #define HAVE_FCNTL_H 1
| /* end confdefs.h.  */
| #include <stdio.h>
| #if HAVE_SYS_TYPES_H
| # include <sys/types.h>
| #endif
| #if HAVE_SYS_STAT_H
| # include <sys/stat.h>
| #endif
| #if STDC_HEADERS
| # include <stdlib.h>
| # include <stddef.h>
| #else
| # if HAVE_STDLIB_H
| #  include <stdlib.h>
| # endif
| #endif
| #if HAVE_STRING_H
| # if !STDC_HEADERS && HAVE_MEMORY_H
| #  include <memory.h>
| # endif
| # include <string.h>
| #endif
| #if HAVE_STRINGS_H
| # include <strings.h>
| #endif
| #if HAVE_INTTYPES_H
| # include <inttypes.h>
| #else
| # if HAVE_STDINT_H
| #  include <stdint.h>
| # endif
| #endif
| #if HAVE_UNISTD_H
| # include <unistd.h>
| #endif
| #include <io.h>
configure:3912: result: no
configure:3916: checking io.h presence
configure:3926: gcc -E  conftest.c
conftest.c:27:16: io.h: No such file or directory
configure:3932: $? = 1
configure: failed program was:
| /* confdefs.h.  */
| 
| #define PACKAGE_NAME ""
| #define PACKAGE_TARNAME ""
| #define PACKAGE_VERSION ""
| #define PACKAGE_STRING ""
| #define PACKAGE_BUGREPORT ""
| #define STDC_HEADERS 1
| #define HAVE_SYS_TYPES_H 1
| #define HAVE_SYS_STAT_H 1
| #define HAVE_STDLIB_H 1
| #define HAVE_STRING_H 1
| #define HAVE_MEMORY_H 1
| #define HAVE_STRINGS_H 1
| #define HAVE_INTTYPES_H 1
| #define HAVE_STDINT_H 1
| #define HAVE_UNISTD_H 1
| #define RETSIGTYPE void
| #define useconds_t int
| #define HAVE_DIRENT_H 1
| #define STDC_HEADERS 1
| #define TIME_WITH_SYS_TIME 1
| #define HAVE_UNISTD_H 1
| #define HAVE_PWD_H 1
| #define HAVE_FCNTL_H 1
| /* end confdefs.h.  */
| #include <io.h>
configure:3952: result: no
configure:3987: checking for io.h
configure:3994: result: no
configure:3871: checking sys/time.h usability
configure:3883: gcc -c -g -O2  conftest.c >&5
configure:3889: $? = 0
configure:3893: test -z 
			 || test ! -s conftest.err
configure:3896: $? = 0
configure:3899: test -s conftest.o
configure:3902: $? = 0
configure:3912: result: yes
configure:3916: checking sys/time.h presence
configure:3926: gcc -E  conftest.c
configure:3932: $? = 0
configure:3952: result: yes
configure:3987: checking for sys/time.h
configure:3994: result: yes
configure:3871: checking sys/file.h usability
configure:3883: gcc -c -g -O2  conftest.c >&5
configure:3889: $? = 0
configure:3893: test -z 
			 || test ! -s conftest.err
configure:3896: $? = 0
configure:3899: test -s conftest.o
configure:3902: $? = 0
configure:3912: result: yes
configure:3916: checking sys/file.h presence
configure:3926: gcc -E  conftest.c
configure:3932: $? = 0
configure:3952: result: yes
configure:3987: checking for sys/file.h
configure:3994: result: yes
configure:4008: checking for main in -lz
configure:4032: gcc -o conftest -g -O2   conftest.c -lz   >&5
configure:4038: $? = 0
configure:4042: test -z 
			 || test ! -s conftest.err
configure:4045: $? = 0
configure:4048: test -s conftest
configure:4051: $? = 0
configure:4064: result: yes
configure:4099: checking for strncasecmp
configure:4156: gcc -o conftest -g -O2   conftest.c -lz  >&5
configure:4162: $? = 0
configure:4166: test -z 
			 || test ! -s conftest.err
configure:4169: $? = 0
configure:4172: test -s conftest
configure:4175: $? = 0
configure:4187: result: yes
configure:4099: checking for strnicmp
configure:4156: gcc -o conftest -g -O2   conftest.c -lz  >&5
/tmp/ccMuUKin.o(.text+0x11): In function `main':
/home/ike/emacs-el/mew-4.2/bin/conftest.c:71: undefined reference to `strnicmp'
/tmp/ccMuUKin.o(.data+0x0):/home/ike/emacs-el/mew-4.2/bin/conftest.c:70: undefined reference to `strnicmp'
collect2: ld returned 1 exit status
configure:4162: $? = 1
configure: failed program was:
| /* confdefs.h.  */
| 
| #define PACKAGE_NAME ""
| #define PACKAGE_TARNAME ""
| #define PACKAGE_VERSION ""
| #define PACKAGE_STRING ""
| #define PACKAGE_BUGREPORT ""
| #define STDC_HEADERS 1
| #define HAVE_SYS_TYPES_H 1
| #define HAVE_SYS_STAT_H 1
| #define HAVE_STDLIB_H 1
| #define HAVE_STRING_H 1
| #define HAVE_MEMORY_H 1
| #define HAVE_STRINGS_H 1
| #define HAVE_INTTYPES_H 1
| #define HAVE_STDINT_H 1
| #define HAVE_UNISTD_H 1
| #define RETSIGTYPE void
| #define useconds_t int
| #define HAVE_DIRENT_H 1
| #define STDC_HEADERS 1
| #define TIME_WITH_SYS_TIME 1
| #define HAVE_UNISTD_H 1
| #define HAVE_PWD_H 1
| #define HAVE_FCNTL_H 1
| #define HAVE_SYS_TIME_H 1
| #define HAVE_SYS_FILE_H 1
| #define HAVE_LIBZ 1
| #define HAVE_STRNCASECMP 1
| /* end confdefs.h.  */
| /* Define strnicmp to an innocuous variant, in case <limits.h> declares strnicmp.
|    For example, HP-UX 11i <limits.h> declares gettimeofday.  */
| #define strnicmp innocuous_strnicmp
| 
| /* System header to define __stub macros and hopefully few prototypes,
|     which can conflict with char strnicmp (); below.
|     Prefer <limits.h> to <assert.h> if __STDC__ is defined, since
|     <limits.h> exists even on freestanding compilers.  */
| 
| #ifdef __STDC__
| # include <limits.h>
| #else
| # include <assert.h>
| #endif
| 
| #undef strnicmp
| 
| /* Override any gcc2 internal prototype to avoid an error.  */
| #ifdef __cplusplus
| extern "C"
| {
| #endif
| /* We use char because int might match the return type of a gcc2
|    builtin and then its argument prototype would still apply.  */
| char strnicmp ();
| /* The GNU C library defines this for functions which it implements
|     to always fail with ENOSYS.  Some functions are actually named
|     something starting with __ and the normal name is an alias.  */
| #if defined (__stub_strnicmp) || defined (__stub___strnicmp)
| choke me
| #else
| char (*f) () = strnicmp;
| #endif
| #ifdef __cplusplus
| }
| #endif
| 
| int
| main ()
| {
| return f != strnicmp;
|   ;
|   return 0;
| }
configure:4187: result: no
configure:4099: checking for strdup
configure:4156: gcc -o conftest -g -O2   conftest.c -lz  >&5
configure:4162: $? = 0
configure:4166: test -z 
			 || test ! -s conftest.err
configure:4169: $? = 0
configure:4172: test -s conftest
configure:4175: $? = 0
configure:4187: result: yes
configure:4099: checking for memmove
configure:4156: gcc -o conftest -g -O2   conftest.c -lz  >&5
configure:4162: $? = 0
configure:4166: test -z 
			 || test ! -s conftest.err
configure:4169: $? = 0
configure:4172: test -s conftest
configure:4175: $? = 0
configure:4187: result: yes
configure:4099: checking for fgetln
configure:4156: gcc -o conftest -g -O2   conftest.c -lz  >&5
/tmp/cc8sn6CC.o(.text+0x11): In function `main':
/home/ike/emacs-el/mew-4.2/bin/conftest.c:73: undefined reference to `fgetln'
/tmp/cc8sn6CC.o(.data+0x0):/home/ike/emacs-el/mew-4.2/bin/conftest.c:72: undefined reference to `fgetln'
collect2: ld returned 1 exit status
configure:4162: $? = 1
configure: failed program was:
| /* confdefs.h.  */
| 
| #define PACKAGE_NAME ""
| #define PACKAGE_TARNAME ""
| #define PACKAGE_VERSION ""
| #define PACKAGE_STRING ""
| #define PACKAGE_BUGREPORT ""
| #define STDC_HEADERS 1
| #define HAVE_SYS_TYPES_H 1
| #define HAVE_SYS_STAT_H 1
| #define HAVE_STDLIB_H 1
| #define HAVE_STRING_H 1
| #define HAVE_MEMORY_H 1
| #define HAVE_STRINGS_H 1
| #define HAVE_INTTYPES_H 1
| #define HAVE_STDINT_H 1
| #define HAVE_UNISTD_H 1
| #define RETSIGTYPE void
| #define useconds_t int
| #define HAVE_DIRENT_H 1
| #define STDC_HEADERS 1
| #define TIME_WITH_SYS_TIME 1
| #define HAVE_UNISTD_H 1
| #define HAVE_PWD_H 1
| #define HAVE_FCNTL_H 1
| #define HAVE_SYS_TIME_H 1
| #define HAVE_SYS_FILE_H 1
| #define HAVE_LIBZ 1
| #define HAVE_STRNCASECMP 1
| #define HAVE_STRDUP 1
| #define HAVE_MEMMOVE 1
| /* end confdefs.h.  */
| /* Define fgetln to an innocuous variant, in case <limits.h> declares fgetln.
|    For example, HP-UX 11i <limits.h> declares gettimeofday.  */
| #define fgetln innocuous_fgetln
| 
| /* System header to define __stub macros and hopefully few prototypes,
|     which can conflict with char fgetln (); below.
|     Prefer <limits.h> to <assert.h> if __STDC__ is defined, since
|     <limits.h> exists even on freestanding compilers.  */
| 
| #ifdef __STDC__
| # include <limits.h>
| #else
| # include <assert.h>
| #endif
| 
| #undef fgetln
| 
| /* Override any gcc2 internal prototype to avoid an error.  */
| #ifdef __cplusplus
| extern "C"
| {
| #endif
| /* We use char because int might match the return type of a gcc2
|    builtin and then its argument prototype would still apply.  */
| char fgetln ();
| /* The GNU C library defines this for functions which it implements
|     to always fail with ENOSYS.  Some functions are actually named
|     something starting with __ and the normal name is an alias.  */
| #if defined (__stub_fgetln) || defined (__stub___fgetln)
| choke me
| #else
| char (*f) () = fgetln;
| #endif
| #ifdef __cplusplus
| }
| #endif
| 
| int
| main ()
| {
| return f != fgetln;
|   ;
|   return 0;
| }
configure:4187: result: no
configure:4099: checking for fork
configure:4156: gcc -o conftest -g -O2   conftest.c -lz  >&5
configure:4162: $? = 0
configure:4166: test -z 
			 || test ! -s conftest.err
configure:4169: $? = 0
configure:4172: test -s conftest
configure:4175: $? = 0
configure:4187: result: yes
configure:4099: checking for vfork
configure:4156: gcc -o conftest -g -O2   conftest.c -lz  >&5
configure:4162: $? = 0
configure:4166: test -z 
			 || test ! -s conftest.err
configure:4169: $? = 0
configure:4172: test -s conftest
configure:4175: $? = 0
configure:4187: result: yes
configure:4099: checking for getpwuid
configure:4156: gcc -o conftest -g -O2   conftest.c -lz  >&5
configure:4162: $? = 0
configure:4166: test -z 
			 || test ! -s conftest.err
configure:4169: $? = 0
configure:4172: test -s conftest
configure:4175: $? = 0
configure:4187: result: yes
configure:4099: checking for getlogin
configure:4156: gcc -o conftest -g -O2   conftest.c -lz  >&5
configure:4162: $? = 0
configure:4166: test -z 
			 || test ! -s conftest.err
configure:4169: $? = 0
configure:4172: test -s conftest
configure:4175: $? = 0
configure:4187: result: yes
configure:4099: checking for usleep
configure:4156: gcc -o conftest -g -O2   conftest.c -lz  >&5
configure:4162: $? = 0
configure:4166: test -z 
			 || test ! -s conftest.err
configure:4169: $? = 0
configure:4172: test -s conftest
configure:4175: $? = 0
configure:4187: result: yes
configure:4099: checking for Sleep
configure:4156: gcc -o conftest -g -O2   conftest.c -lz  >&5
/tmp/cceqj5VE.o(.text+0x11): In function `main':
/home/ike/emacs-el/mew-4.2/bin/conftest.c:78: undefined reference to `Sleep'
/tmp/cceqj5VE.o(.data+0x0):/home/ike/emacs-el/mew-4.2/bin/conftest.c:77: undefined reference to `Sleep'
collect2: ld returned 1 exit status
configure:4162: $? = 1
configure: failed program was:
| /* confdefs.h.  */
| 
| #define PACKAGE_NAME ""
| #define PACKAGE_TARNAME ""
| #define PACKAGE_VERSION ""
| #define PACKAGE_STRING ""
| #define PACKAGE_BUGREPORT ""
| #define STDC_HEADERS 1
| #define HAVE_SYS_TYPES_H 1
| #define HAVE_SYS_STAT_H 1
| #define HAVE_STDLIB_H 1
| #define HAVE_STRING_H 1
| #define HAVE_MEMORY_H 1
| #define HAVE_STRINGS_H 1
| #define HAVE_INTTYPES_H 1
| #define HAVE_STDINT_H 1
| #define HAVE_UNISTD_H 1
| #define RETSIGTYPE void
| #define useconds_t int
| #define HAVE_DIRENT_H 1
| #define STDC_HEADERS 1
| #define TIME_WITH_SYS_TIME 1
| #define HAVE_UNISTD_H 1
| #define HAVE_PWD_H 1
| #define HAVE_FCNTL_H 1
| #define HAVE_SYS_TIME_H 1
| #define HAVE_SYS_FILE_H 1
| #define HAVE_LIBZ 1
| #define HAVE_STRNCASECMP 1
| #define HAVE_STRDUP 1
| #define HAVE_MEMMOVE 1
| #define HAVE_FORK 1
| #define HAVE_VFORK 1
| #define HAVE_GETPWUID 1
| #define HAVE_GETLOGIN 1
| #define HAVE_USLEEP 1
| /* end confdefs.h.  */
| /* Define Sleep to an innocuous variant, in case <limits.h> declares Sleep.
|    For example, HP-UX 11i <limits.h> declares gettimeofday.  */
| #define Sleep innocuous_Sleep
| 
| /* System header to define __stub macros and hopefully few prototypes,
|     which can conflict with char Sleep (); below.
|     Prefer <limits.h> to <assert.h> if __STDC__ is defined, since
|     <limits.h> exists even on freestanding compilers.  */
| 
| #ifdef __STDC__
| # include <limits.h>
| #else
| # include <assert.h>
| #endif
| 
| #undef Sleep
| 
| /* Override any gcc2 internal prototype to avoid an error.  */
| #ifdef __cplusplus
| extern "C"
| {
| #endif
| /* We use char because int might match the return type of a gcc2
|    builtin and then its argument prototype would still apply.  */
| char Sleep ();
| /* The GNU C library defines this for functions which it implements
|     to always fail with ENOSYS.  Some functions are actually named
|     something starting with __ and the normal name is an alias.  */
| #if defined (__stub_Sleep) || defined (__stub___Sleep)
| choke me
| #else
| char (*f) () = Sleep;
| #endif
| #ifdef __cplusplus
| }
| #endif
| 
| int
| main ()
| {
| return f != Sleep;
|   ;
|   return 0;
| }
configure:4187: result: no
configure:4099: checking for setmode
configure:4156: gcc -o conftest -g -O2   conftest.c -lz  >&5
/tmp/ccim6J0O.o(.text+0x11): In function `main':
/home/ike/emacs-el/mew-4.2/bin/conftest.c:78: undefined reference to `setmode'
/tmp/ccim6J0O.o(.data+0x0):/home/ike/emacs-el/mew-4.2/bin/conftest.c:77: undefined reference to `setmode'
collect2: ld returned 1 exit status
configure:4162: $? = 1
configure: failed program was:
| /* confdefs.h.  */
| 
| #define PACKAGE_NAME ""
| #define PACKAGE_TARNAME ""
| #define PACKAGE_VERSION ""
| #define PACKAGE_STRING ""
| #define PACKAGE_BUGREPORT ""
| #define STDC_HEADERS 1
| #define HAVE_SYS_TYPES_H 1
| #define HAVE_SYS_STAT_H 1
| #define HAVE_STDLIB_H 1
| #define HAVE_STRING_H 1
| #define HAVE_MEMORY_H 1
| #define HAVE_STRINGS_H 1
| #define HAVE_INTTYPES_H 1
| #define HAVE_STDINT_H 1
| #define HAVE_UNISTD_H 1
| #define RETSIGTYPE void
| #define useconds_t int
| #define HAVE_DIRENT_H 1
| #define STDC_HEADERS 1
| #define TIME_WITH_SYS_TIME 1
| #define HAVE_UNISTD_H 1
| #define HAVE_PWD_H 1
| #define HAVE_FCNTL_H 1
| #define HAVE_SYS_TIME_H 1
| #define HAVE_SYS_FILE_H 1
| #define HAVE_LIBZ 1
| #define HAVE_STRNCASECMP 1
| #define HAVE_STRDUP 1
| #define HAVE_MEMMOVE 1
| #define HAVE_FORK 1
| #define HAVE_VFORK 1
| #define HAVE_GETPWUID 1
| #define HAVE_GETLOGIN 1
| #define HAVE_USLEEP 1
| /* end confdefs.h.  */
| /* Define setmode to an innocuous variant, in case <limits.h> declares setmode.
|    For example, HP-UX 11i <limits.h> declares gettimeofday.  */
| #define setmode innocuous_setmode
| 
| /* System header to define __stub macros and hopefully few prototypes,
|     which can conflict with char setmode (); below.
|     Prefer <limits.h> to <assert.h> if __STDC__ is defined, since
|     <limits.h> exists even on freestanding compilers.  */
| 
| #ifdef __STDC__
| # include <limits.h>
| #else
| # include <assert.h>
| #endif
| 
| #undef setmode
| 
| /* Override any gcc2 internal prototype to avoid an error.  */
| #ifdef __cplusplus
| extern "C"
| {
| #endif
| /* We use char because int might match the return type of a gcc2
|    builtin and then its argument prototype would still apply.  */
| char setmode ();
| /* The GNU C library defines this for functions which it implements
|     to always fail with ENOSYS.  Some functions are actually named
|     something starting with __ and the normal name is an alias.  */
| #if defined (__stub_setmode) || defined (__stub___setmode)
| choke me
| #else
| char (*f) () = setmode;
| #endif
| #ifdef __cplusplus
| }
| #endif
| 
| int
| main ()
| {
| return f != setmode;
|   ;
|   return 0;
| }
configure:4187: result: no
configure:4099: checking for _setmode
configure:4156: gcc -o conftest -g -O2   conftest.c -lz  >&5
/tmp/cc4Oal4Y.o(.text+0x11): In function `main':
/home/ike/emacs-el/mew-4.2/bin/conftest.c:78: undefined reference to `_setmode'
/tmp/cc4Oal4Y.o(.data+0x0):/home/ike/emacs-el/mew-4.2/bin/conftest.c:77: undefined reference to `_setmode'
collect2: ld returned 1 exit status
configure:4162: $? = 1
configure: failed program was:
| /* confdefs.h.  */
| 
| #define PACKAGE_NAME ""
| #define PACKAGE_TARNAME ""
| #define PACKAGE_VERSION ""
| #define PACKAGE_STRING ""
| #define PACKAGE_BUGREPORT ""
| #define STDC_HEADERS 1
| #define HAVE_SYS_TYPES_H 1
| #define HAVE_SYS_STAT_H 1
| #define HAVE_STDLIB_H 1
| #define HAVE_STRING_H 1
| #define HAVE_MEMORY_H 1
| #define HAVE_STRINGS_H 1
| #define HAVE_INTTYPES_H 1
| #define HAVE_STDINT_H 1
| #define HAVE_UNISTD_H 1
| #define RETSIGTYPE void
| #define useconds_t int
| #define HAVE_DIRENT_H 1
| #define STDC_HEADERS 1
| #define TIME_WITH_SYS_TIME 1
| #define HAVE_UNISTD_H 1
| #define HAVE_PWD_H 1
| #define HAVE_FCNTL_H 1
| #define HAVE_SYS_TIME_H 1
| #define HAVE_SYS_FILE_H 1
| #define HAVE_LIBZ 1
| #define HAVE_STRNCASECMP 1
| #define HAVE_STRDUP 1
| #define HAVE_MEMMOVE 1
| #define HAVE_FORK 1
| #define HAVE_VFORK 1
| #define HAVE_GETPWUID 1
| #define HAVE_GETLOGIN 1
| #define HAVE_USLEEP 1
| /* end confdefs.h.  */
| /* Define _setmode to an innocuous variant, in case <limits.h> declares _setmode.
|    For example, HP-UX 11i <limits.h> declares gettimeofday.  */
| #define _setmode innocuous__setmode
| 
| /* System header to define __stub macros and hopefully few prototypes,
|     which can conflict with char _setmode (); below.
|     Prefer <limits.h> to <assert.h> if __STDC__ is defined, since
|     <limits.h> exists even on freestanding compilers.  */
| 
| #ifdef __STDC__
| # include <limits.h>
| #else
| # include <assert.h>
| #endif
| 
| #undef _setmode
| 
| /* Override any gcc2 internal prototype to avoid an error.  */
| #ifdef __cplusplus
| extern "C"
| {
| #endif
| /* We use char because int might match the return type of a gcc2
|    builtin and then its argument prototype would still apply.  */
| char _setmode ();
| /* The GNU C library defines this for functions which it implements
|     to always fail with ENOSYS.  Some functions are actually named
|     something starting with __ and the normal name is an alias.  */
| #if defined (__stub__setmode) || defined (__stub____setmode)
| choke me
| #else
| char (*f) () = _setmode;
| #endif
| #ifdef __cplusplus
| }
| #endif
| 
| int
| main ()
| {
| return f != _setmode;
|   ;
|   return 0;
| }
configure:4187: result: no
configure:4099: checking for chdir
configure:4156: gcc -o conftest -g -O2   conftest.c -lz  >&5
configure:4162: $? = 0
configure:4166: test -z 
			 || test ! -s conftest.err
configure:4169: $? = 0
configure:4172: test -s conftest
configure:4175: $? = 0
configure:4187: result: yes
configure:4099: checking for _chdir2
configure:4156: gcc -o conftest -g -O2   conftest.c -lz  >&5
/tmp/ccs9lk9j.o(.text+0x11): In function `main':
/home/ike/emacs-el/mew-4.2/bin/conftest.c:79: undefined reference to `_chdir2'
/tmp/ccs9lk9j.o(.data+0x0):/home/ike/emacs-el/mew-4.2/bin/conftest.c:78: undefined reference to `_chdir2'
collect2: ld returned 1 exit status
configure:4162: $? = 1
configure: failed program was:
| /* confdefs.h.  */
| 
| #define PACKAGE_NAME ""
| #define PACKAGE_TARNAME ""
| #define PACKAGE_VERSION ""
| #define PACKAGE_STRING ""
| #define PACKAGE_BUGREPORT ""
| #define STDC_HEADERS 1
| #define HAVE_SYS_TYPES_H 1
| #define HAVE_SYS_STAT_H 1
| #define HAVE_STDLIB_H 1
| #define HAVE_STRING_H 1
| #define HAVE_MEMORY_H 1
| #define HAVE_STRINGS_H 1
| #define HAVE_INTTYPES_H 1
| #define HAVE_STDINT_H 1
| #define HAVE_UNISTD_H 1
| #define RETSIGTYPE void
| #define useconds_t int
| #define HAVE_DIRENT_H 1
| #define STDC_HEADERS 1
| #define TIME_WITH_SYS_TIME 1
| #define HAVE_UNISTD_H 1
| #define HAVE_PWD_H 1
| #define HAVE_FCNTL_H 1
| #define HAVE_SYS_TIME_H 1
| #define HAVE_SYS_FILE_H 1
| #define HAVE_LIBZ 1
| #define HAVE_STRNCASECMP 1
| #define HAVE_STRDUP 1
| #define HAVE_MEMMOVE 1
| #define HAVE_FORK 1
| #define HAVE_VFORK 1
| #define HAVE_GETPWUID 1
| #define HAVE_GETLOGIN 1
| #define HAVE_USLEEP 1
| #define HAVE_CHDIR 1
| /* end confdefs.h.  */
| /* Define _chdir2 to an innocuous variant, in case <limits.h> declares _chdir2.
|    For example, HP-UX 11i <limits.h> declares gettimeofday.  */
| #define _chdir2 innocuous__chdir2
| 
| /* System header to define __stub macros and hopefully few prototypes,
|     which can conflict with char _chdir2 (); below.
|     Prefer <limits.h> to <assert.h> if __STDC__ is defined, since
|     <limits.h> exists even on freestanding compilers.  */
| 
| #ifdef __STDC__
| # include <limits.h>
| #else
| # include <assert.h>
| #endif
| 
| #undef _chdir2
| 
| /* Override any gcc2 internal prototype to avoid an error.  */
| #ifdef __cplusplus
| extern "C"
| {
| #endif
| /* We use char because int might match the return type of a gcc2
|    builtin and then its argument prototype would still apply.  */
| char _chdir2 ();
| /* The GNU C library defines this for functions which it implements
|     to always fail with ENOSYS.  Some functions are actually named
|     something starting with __ and the normal name is an alias.  */
| #if defined (__stub__chdir2) || defined (__stub____chdir2)
| choke me
| #else
| char (*f) () = _chdir2;
| #endif
| #ifdef __cplusplus
| }
| #endif
| 
| int
| main ()
| {
| return f != _chdir2;
|   ;
|   return 0;
| }
configure:4187: result: no
configure:4099: checking for poll
configure:4156: gcc -o conftest -g -O2   conftest.c -lz  >&5
configure:4162: $? = 0
configure:4166: test -z 
			 || test ! -s conftest.err
configure:4169: $? = 0
configure:4172: test -s conftest
configure:4175: $? = 0
configure:4187: result: yes
configure:4099: checking for futimes
configure:4156: gcc -o conftest -g -O2   conftest.c -lz  >&5
configure:4162: $? = 0
configure:4166: test -z 
			 || test ! -s conftest.err
configure:4169: $? = 0
configure:4172: test -s conftest
configure:4175: $? = 0
configure:4187: result: yes
configure:4099: checking for fchmod
configure:4156: gcc -o conftest -g -O2   conftest.c -lz  >&5
configure:4162: $? = 0
configure:4166: test -z 
			 || test ! -s conftest.err
configure:4169: $? = 0
configure:4172: test -s conftest
configure:4175: $? = 0
configure:4187: result: yes
configure:4099: checking for flock
configure:4156: gcc -o conftest -g -O2   conftest.c -lz  >&5
configure:4162: $? = 0
configure:4166: test -z 
			 || test ! -s conftest.err
configure:4169: $? = 0
configure:4172: test -s conftest
configure:4175: $? = 0
configure:4187: result: yes
configure:4099: checking for lockf
configure:4156: gcc -o conftest -g -O2   conftest.c -lz  >&5
configure:4162: $? = 0
configure:4166: test -z 
			 || test ! -s conftest.err
configure:4169: $? = 0
configure:4172: test -s conftest
configure:4175: $? = 0
configure:4187: result: yes
configure:4099: checking for snprintf
configure:4156: gcc -o conftest -g -O2   conftest.c -lz  >&5
conftest.c:68: warning: conflicting types for built-in function `snprintf'
configure:4162: $? = 0
configure:4166: test -z 
			 || test ! -s conftest.err
configure:4169: $? = 0
configure:4172: test -s conftest
configure:4175: $? = 0
configure:4187: result: yes
configure:4298: creating ./config.status

## ---------------------- ##
## Running config.status. ##
## ---------------------- ##

This file was extended by config.status, which was
generated by GNU Autoconf 2.59.  Invocation command line was

  CONFIG_FILES    = 
  CONFIG_HEADERS  = 
  CONFIG_LINKS    = 
  CONFIG_COMMANDS = 
  $ ./config.status 

on debianike

config.status:649: creating Makefile
config.status:753: creating config.h

## ---------------- ##
## Cache variables. ##
## ---------------- ##

ac_cv_c_compiler_gnu=yes
ac_cv_c_const=yes
ac_cv_env_CC_set=
ac_cv_env_CC_value=
ac_cv_env_CFLAGS_set=
ac_cv_env_CFLAGS_value=
ac_cv_env_CPPFLAGS_set=
ac_cv_env_CPPFLAGS_value=
ac_cv_env_CPP_set=
ac_cv_env_CPP_value=
ac_cv_env_LDFLAGS_set=
ac_cv_env_LDFLAGS_value=
ac_cv_env_build_alias_set=
ac_cv_env_build_alias_value=
ac_cv_env_host_alias_set=
ac_cv_env_host_alias_value=
ac_cv_env_target_alias_set=
ac_cv_env_target_alias_value=
ac_cv_exeext=
ac_cv_func_Sleep=no
ac_cv_func__chdir2=no
ac_cv_func__setmode=no
ac_cv_func_chdir=yes
ac_cv_func_fchmod=yes
ac_cv_func_fgetln=no
ac_cv_func_flock=yes
ac_cv_func_fork=yes
ac_cv_func_futimes=yes
ac_cv_func_getlogin=yes
ac_cv_func_getpwuid=yes
ac_cv_func_lockf=yes
ac_cv_func_memmove=yes
ac_cv_func_poll=yes
ac_cv_func_setmode=no
ac_cv_func_snprintf=yes
ac_cv_func_strdup=yes
ac_cv_func_strncasecmp=yes
ac_cv_func_strnicmp=no
ac_cv_func_usleep=yes
ac_cv_func_vfork=yes
ac_cv_header_dir_h=no
ac_cv_header_dirent_dirent_h=yes
ac_cv_header_fcntl_h=yes
ac_cv_header_inttypes_h=yes
ac_cv_header_io_h=no
ac_cv_header_memory_h=yes
ac_cv_header_pwd_h=yes
ac_cv_header_stdc=yes
ac_cv_header_stdint_h=yes
ac_cv_header_stdlib_h=yes
ac_cv_header_string_h=yes
ac_cv_header_strings_h=yes
ac_cv_header_sys_file_h=yes
ac_cv_header_sys_stat_h=yes
ac_cv_header_sys_time_h=yes
ac_cv_header_sys_types_h=yes
ac_cv_header_time=yes
ac_cv_header_unistd_h=yes
ac_cv_lib_z_main=yes
ac_cv_objext=o
ac_cv_path_install='/usr/bin/install -c'
ac_cv_prog_CPP='gcc -E'
ac_cv_prog_ac_ct_CC=gcc
ac_cv_prog_cc_g=yes
ac_cv_prog_cc_stdc=
ac_cv_prog_egrep='grep -E'
ac_cv_search_opendir='none required'
ac_cv_type_pid_t=yes
ac_cv_type_signal=void
ac_cv_type_size_t=yes
ac_cv_type_ssize_t=yes
ac_cv_type_uid_t=yes
ac_cv_type_useconds_t=no

## ----------------- ##
## Output variables. ##
## ----------------- ##

CC='gcc'
CFLAGS='-g -O2 -Wall'
CPP='gcc -E'
CPPFLAGS=''
DEFS='-DHAVE_CONFIG_H'
ECHO_C=''
ECHO_N='-n'
ECHO_T=''
EGREP='grep -E'
EXEEXT=''
INSTALL_DATA='${INSTALL} -m 644'
INSTALL_PROGRAM='${INSTALL}'
INSTALL_SCRIPT='${INSTALL}'
LDFLAGS=''
LIBOBJS=''
LIBS='-lz '
LTLIBOBJS=''
OBJEXT='o'
PACKAGE_BUGREPORT=''
PACKAGE_NAME=''
PACKAGE_STRING=''
PACKAGE_TARNAME=''
PACKAGE_VERSION=''
PATH_SEPARATOR=':'
SHELL='/bin/sh'
ac_ct_CC='gcc'
bindir='${exec_prefix}/bin'
build_alias=''
datadir='${prefix}/share'
exec_prefix='${prefix}'
host_alias=''
includedir='${prefix}/include'
infodir='${prefix}/info'
libdir='${exec_prefix}/lib'
libexecdir='${exec_prefix}/libexec'
localstatedir='${prefix}/var'
mandir='${prefix}/man'
oldincludedir='/usr/include'
prefix='/home/ike/emacs-el/local'
program_transform_name='s,x,x,'
sbindir='${exec_prefix}/sbin'
sharedstatedir='${prefix}/com'
sysconfdir='${prefix}/etc'
target_alias=''

## ----------- ##
## confdefs.h. ##
## ----------- ##

#define HAVE_CHDIR 1
#define HAVE_DIRENT_H 1
#define HAVE_FCHMOD 1
#define HAVE_FCNTL_H 1
#define HAVE_FLOCK 1
#define HAVE_FORK 1
#define HAVE_FUTIMES 1
#define HAVE_GETLOGIN 1
#define HAVE_GETPWUID 1
#define HAVE_INTTYPES_H 1
#define HAVE_LIBZ 1
#define HAVE_LOCKF 1
#define HAVE_MEMMOVE 1
#define HAVE_MEMORY_H 1
#define HAVE_POLL 1
#define HAVE_PWD_H 1
#define HAVE_SNPRINTF 1
#define HAVE_STDINT_H 1
#define HAVE_STDLIB_H 1
#define HAVE_STRDUP 1
#define HAVE_STRINGS_H 1
#define HAVE_STRING_H 1
#define HAVE_STRNCASECMP 1
#define HAVE_SYS_FILE_H 1
#define HAVE_SYS_STAT_H 1
#define HAVE_SYS_TIME_H 1
#define HAVE_SYS_TYPES_H 1
#define HAVE_UNISTD_H 1
#define HAVE_UNISTD_H 1
#define HAVE_USLEEP 1
#define HAVE_VFORK 1
#define PACKAGE_BUGREPORT ""
#define PACKAGE_NAME ""
#define PACKAGE_STRING ""
#define PACKAGE_TARNAME ""
#define PACKAGE_VERSION ""
#define RETSIGTYPE void
#define STDC_HEADERS 1
#define STDC_HEADERS 1
#define TIME_WITH_SYS_TIME 1
#define useconds_t int

configure: exit 0
