This file contains any messages produced by compilers while
running configure, to aid debugging if configure makes a mistake.

It was created by configure, which was
generated by GNU Autoconf 2.59.  Invocation command line was

  $ ./configure 

## --------- ##
## Platform. ##
## --------- ##

hostname = avishkaar
uname -m = x86_64
uname -r = 2.6.15-1-amd64-k8
uname -s = Linux
uname -v = #2 Tue Mar 7 06:53:26 UTC 2006

/usr/bin/uname -p = unknown
/bin/uname -X     = unknown

/bin/arch              = x86_64
/usr/bin/arch -k       = unknown
/usr/convex/getsysinfo = unknown
hostinfo               = unknown
/bin/machine           = unknown
/usr/bin/oslevel       = unknown
/bin/universe          = unknown

PATH: /usr/local/e17/bin
PATH: /usr/local/e17/sbin
PATH: /usr/local/bin
PATH: /usr/bin
PATH: /bin
PATH: /usr/bin/X11
PATH: /usr/games
PATH: /home/ike/mybin
PATH: /home/ike/mybin


## ----------- ##
## Core tests. ##
## ----------- ##

configure:1229: checking whether make sets $(MAKE)
configure:1249: result: yes
configure:1296: checking for a BSD-compatible install
configure:1351: result: /usr/bin/install -c
configure:1381: checking for makeinfo
configure:1397: found /usr/bin/makeinfo
configure:1408: result: makeinfo
configure:1418: checking for emacs
configure:1434: found /usr/bin/emacs
configure:1445: result: emacs
configure:1455: checking if emacs is really XEmacs
emacs -batch -eval (let ((x (if (string-match "XEmacs" emacs-version) "yes" "no") )) (write-region (if (stringp x) (princ x) (prin1-to-string x)) nil "./conftest-29547"))
Loading 00debian-vars...
Loading 20apel (source)...
Loading 49url (source)...
Loading 50autoconf (source)...
Loading 50bbdb (source)...
Loading 50dictionaries-common (source)...
Loading debian-ispell...
Loading /var/cache/dictionaries-common/emacsen-ispell-default.el (source)...
Loading /var/cache/dictionaries-common/emacsen-ispell-dicts.el (source)...
Loading 50emacs-goodies-el (source)...
Loading 50emacs-wiki (source)...
Loading 50emacspeak (source)...
Loading 50etalk (source)...
Loading 50eudc (source)...
Loading 50festival (source)...
Loading 50flim (source)...
Loading 50gnus-bonus-el (source)...
Loading 50php-elisp (source)...
Loading 50psvn (source)...
Loading 50quack-el (source)...
Loading 50sawfish (source)...
Loading 50tramp (source)...
Loading 50w3 (source)...
Loading 50w3m-el (source)...
Loading 50wget-el (source)...
Loading /usr/lib/emacs/21.4/x86_64-linux-gnu/fns-21.4.1-x.el (source)...
Loading 50whizzytex (source)...
Loading 50windows-el (source)...
Loading 51semi (source)...
Loading 52remember-el (source)...
Loading 55mell (source)...
Loading 65wl (source)...
=> no
configure:1488: result: no
configure:1494: checking prefix for your Emacs
emacs -batch -eval (let ((x (expand-file-name ".." invocation-directory))) (write-region (if (stringp x) (princ x) (prin1-to-string x)) nil "./conftest-29547"))
Loading 00debian-vars...
Loading 20apel (source)...
Loading 49url (source)...
Loading 50autoconf (source)...
Loading 50bbdb (source)...
Loading 50dictionaries-common (source)...
Loading debian-ispell...
Loading /var/cache/dictionaries-common/emacsen-ispell-default.el (source)...
Loading /var/cache/dictionaries-common/emacsen-ispell-dicts.el (source)...
Loading 50emacs-goodies-el (source)...
Loading 50emacs-wiki (source)...
Loading 50emacspeak (source)...
Loading 50etalk (source)...
Loading 50eudc (source)...
Loading 50festival (source)...
Loading 50flim (source)...
Loading 50gnus-bonus-el (source)...
Loading 50php-elisp (source)...
Loading 50psvn (source)...
Loading 50quack-el (source)...
Loading 50sawfish (source)...
Loading 50tramp (source)...
Loading 50w3 (source)...
Loading 50w3m-el (source)...
Loading 50wget-el (source)...
Loading /usr/lib/emacs/21.4/x86_64-linux-gnu/fns-21.4.1-x.el (source)...
Loading 50whizzytex (source)...
Loading 50windows-el (source)...
Loading 51semi (source)...
Loading 52remember-el (source)...
Loading 55mell (source)...
Loading 65wl (source)...
=> /usr
configure:1523: result: /usr
configure:1532: checking where .elc files should go
configure:1557: result: $(datadir)/emacs/site-lisp/gnus
configure:1568: checking where etc files should go
configure:1577: result: $(lispdir)/../../etc
configure:1582: checking where the TeXinfo docs should go
configure:1593: result: $(prefix)/info
configure:1598: checking for acceptable URL version
emacs -batch -eval (let ((x (progn (fmakunbound 'url-retrieve) (condition-case nil (progn (require 'url) (fboundp 'url-retrieve)) (error (prog1 nil (message "url not found"))))))) (write-region (if (stringp x) (princ x) (prin1-to-string x)) nil "./conftest-29547"))
Loading 00debian-vars...
Loading 20apel (source)...
Loading 49url (source)...
Loading 50autoconf (source)...
Loading 50bbdb (source)...
Loading 50dictionaries-common (source)...
Loading debian-ispell...
Loading /var/cache/dictionaries-common/emacsen-ispell-default.el (source)...
Loading /var/cache/dictionaries-common/emacsen-ispell-dicts.el (source)...
Loading 50emacs-goodies-el (source)...
Loading 50emacs-wiki (source)...
Loading 50emacspeak (source)...
Loading 50etalk (source)...
Loading 50eudc (source)...
Loading 50festival (source)...
Loading 50flim (source)...
Loading 50gnus-bonus-el (source)...
Loading 50php-elisp (source)...
Loading 50psvn (source)...
Loading 50quack-el (source)...
Loading 50sawfish (source)...
Loading 50tramp (source)...
Loading 50w3 (source)...
Loading 50w3m-el (source)...
Loading 50wget-el (source)...
Loading /usr/lib/emacs/21.4/x86_64-linux-gnu/fns-21.4.1-x.el (source)...
Loading 50whizzytex (source)...
Loading 50windows-el (source)...
Loading 51semi (source)...
Loading 52remember-el (source)...
Loading 55mell (source)...
Loading 65wl (source)...
=> t
emacs -batch -eval (let ((x (file-name-directory (locate-library "url")))) (write-region (if (stringp x) (princ x) (prin1-to-string x)) nil "./conftest-29547"))
Loading 00debian-vars...
Loading 20apel (source)...
Loading 49url (source)...
Loading 50autoconf (source)...
Loading 50bbdb (source)...
Loading 50dictionaries-common (source)...
Loading debian-ispell...
Loading /var/cache/dictionaries-common/emacsen-ispell-default.el (source)...
Loading /var/cache/dictionaries-common/emacsen-ispell-dicts.el (source)...
Loading 50emacs-goodies-el (source)...
Loading 50emacs-wiki (source)...
Loading 50emacspeak (source)...
Loading 50etalk (source)...
Loading 50eudc (source)...
Loading 50festival (source)...
Loading 50flim (source)...
Loading 50gnus-bonus-el (source)...
Loading 50php-elisp (source)...
Loading 50psvn (source)...
Loading 50quack-el (source)...
Loading 50sawfish (source)...
Loading 50tramp (source)...
Loading 50w3 (source)...
Loading 50w3m-el (source)...
Loading 50wget-el (source)...
Loading /usr/lib/emacs/21.4/x86_64-linux-gnu/fns-21.4.1-x.el (source)...
Loading 50whizzytex (source)...
Loading 50windows-el (source)...
Loading 51semi (source)...
Loading 52remember-el (source)...
Loading 55mell (source)...
Loading 65wl (source)...
=> /usr/share/emacs21/site-lisp/url/
configure:1695: result: "/usr/share/emacs21/site-lisp/url/"
configure:1699: checking for acceptable W3 version
emacs -batch -eval (let ((x (progn (fmakunbound 'w3-form-encode-xwfu) (condition-case nil (progn (require 'w3-forms) (fboundp 'w3-form-encode-xwfu)) (error (prog1 nil (message "w3-forms not found"))))))) (write-region (if (stringp x) (princ x) (prin1-to-string x)) nil "./conftest-29547"))
Loading 00debian-vars...
Loading 20apel (source)...
Loading 49url (source)...
Loading 50autoconf (source)...
Loading 50bbdb (source)...
Loading 50dictionaries-common (source)...
Loading debian-ispell...
Loading /var/cache/dictionaries-common/emacsen-ispell-default.el (source)...
Loading /var/cache/dictionaries-common/emacsen-ispell-dicts.el (source)...
Loading 50emacs-goodies-el (source)...
Loading 50emacs-wiki (source)...
Loading 50emacspeak (source)...
Loading 50etalk (source)...
Loading 50eudc (source)...
Loading 50festival (source)...
Loading 50flim (source)...
Loading 50gnus-bonus-el (source)...
Loading 50php-elisp (source)...
Loading 50psvn (source)...
Loading 50quack-el (source)...
Loading 50sawfish (source)...
Loading 50tramp (source)...
Loading 50w3 (source)...
Loading 50w3m-el (source)...
Loading 50wget-el (source)...
Loading /usr/lib/emacs/21.4/x86_64-linux-gnu/fns-21.4.1-x.el (source)...
Loading 50whizzytex (source)...
Loading 50windows-el (source)...
Loading 51semi (source)...
Loading 52remember-el (source)...
Loading 55mell (source)...
Loading 65wl (source)...
=> t
emacs -batch -eval (let ((x (file-name-directory (locate-library "w3-forms")))) (write-region (if (stringp x) (princ x) (prin1-to-string x)) nil "./conftest-29547"))
Loading 00debian-vars...
Loading 20apel (source)...
Loading 49url (source)...
Loading 50autoconf (source)...
Loading 50bbdb (source)...
Loading 50dictionaries-common (source)...
Loading debian-ispell...
Loading /var/cache/dictionaries-common/emacsen-ispell-default.el (source)...
Loading /var/cache/dictionaries-common/emacsen-ispell-dicts.el (source)...
Loading 50emacs-goodies-el (source)...
Loading 50emacs-wiki (source)...
Loading 50emacspeak (source)...
Loading 50etalk (source)...
Loading 50eudc (source)...
Loading 50festival (source)...
Loading 50flim (source)...
Loading 50gnus-bonus-el (source)...
Loading 50php-elisp (source)...
Loading 50psvn (source)...
Loading 50quack-el (source)...
Loading 50sawfish (source)...
Loading 50tramp (source)...
Loading 50w3 (source)...
Loading 50w3m-el (source)...
Loading 50wget-el (source)...
Loading /usr/lib/emacs/21.4/x86_64-linux-gnu/fns-21.4.1-x.el (source)...
Loading 50whizzytex (source)...
Loading 50windows-el (source)...
Loading 51semi (source)...
Loading 52remember-el (source)...
Loading 55mell (source)...
Loading 65wl (source)...
=> /usr/share/emacs21/site-lisp/w3-el/
configure:1796: result: "/usr/share/emacs21/site-lisp/w3-el/"
configure:1800: checking which options to pass on to (X)Emacs
configure:1811: result: -batch -q -no-site-file -l $(srcdir)/dgnushack.el
configure:1821: checking for latex
configure:1839: found /usr/bin/latex
configure:1851: result: /usr/bin/latex
configure:1862: checking for available fonts
This is pdfeTeX, Version 3.141592-1.21a-2.2 (Web2C 7.5.4)
entering extended mode
(./conftest-29547
LaTeX2e <2003/12/01>
Babel <v3.8d> and hyphenation patterns for american, french, german, ngerman, b
ahasa, basque, bulgarian, catalan, croatian, czech, danish, dutch, esperanto, e
stonian, finnish, greek, icelandic, irish, italian, latin, magyar, norsk, polis
h, portuges, romanian, russian, serbian, slovak, slovene, spanish, swedish, tur
kish, ukrainian, nohyphenation, loaded.

(/usr/share/texmf-tetex/tex/latex/base/article.cls
Document Class: article 2004/02/16 v1.4f Standard LaTeX document class
(/usr/share/texmf-tetex/tex/latex/base/size10.clo))

! LaTeX Error: File `bembo.sty' not found.

Type X to quit or <RETURN> to proceed,
or enter new name. (Default extension: sty)

Enter file name: 
! Emergency stop.
<read *> 
         
l.1 ...umentclass{article}\usepackage{bembo}\begin
                                                  {document}\end{document}^^M
No pages of output.
Transcript written on conftest-29547.log.
LaTeX Font Warning: Some font shapes were not available, defaults substituted.
LaTeX Font Warning: Some font shapes were not available, defaults substituted.
configure:1939: result: "no"
configure:2078: creating ./config.status

## ---------------------- ##
## Running config.status. ##
## ---------------------- ##

This file was extended by config.status, which was
generated by GNU Autoconf 2.59.  Invocation command line was

  CONFIG_FILES    = 
  CONFIG_HEADERS  = 
  CONFIG_LINKS    = 
  CONFIG_COMMANDS = 
  $ ./config.status 

on avishkaar

config.status:658: creating Makefile
config.status:658: creating etc/Makefile
config.status:658: creating lisp/Makefile
config.status:658: creating texi/Makefile
config.status:658: creating texi/gnusconfig.tex
config.status:658: creating texi/ps/Makefile

## ---------------- ##
## Cache variables. ##
## ---------------- ##

EMACS_cv_ACCEPTABLE_URL=/usr/share/emacs21/site-lisp/url/
EMACS_cv_ACCEPTABLE_W3=/usr/share/emacs21/site-lisp/w3-el/
EMACS_cv_SYS_prefix=/usr
EMACS_cv_SYS_url=yes
EMACS_cv_SYS_url_dir=/usr/share/emacs21/site-lisp/url/
EMACS_cv_SYS_w3_dir=/usr/share/emacs21/site-lisp/w3-el/
EMACS_cv_SYS_w3_forms=yes
EMACS_cv_SYS_xemacsp=no
ac_cv_env_build_alias_set=
ac_cv_env_build_alias_value=
ac_cv_env_host_alias_set=
ac_cv_env_host_alias_value=
ac_cv_env_target_alias_set=
ac_cv_env_target_alias_value=
ac_cv_path_LATEX=/usr/bin/latex
ac_cv_path_install='/usr/bin/install -c'
ac_cv_prog_EMACS=emacs
ac_cv_prog_MAKEINFO=makeinfo
ac_cv_prog_make_make_set=yes

## ----------------- ##
## Output variables. ##
## ----------------- ##

DEFS='-DPACKAGE_NAME=\"\" -DPACKAGE_TARNAME=\"\" -DPACKAGE_VERSION=\"\" -DPACKAGE_STRING=\"\" -DPACKAGE_BUGREPORT=\"\" '
ECHO_C=''
ECHO_N='-n'
ECHO_T=''
EMACS='emacs'
EMACS_FLAVOR='emacs'
FLAGS='-batch -q -no-site-file -l $(srcdir)/dgnushack.el'
HAVE_url='yes'
HAVE_w3_forms='yes'
INSTALL_DATA='${INSTALL} -m 644'
INSTALL_PROGRAM='${INSTALL}'
INSTALL_SCRIPT='${INSTALL}'
LATEX='/usr/bin/latex'
LIBOBJS=''
LIBS=''
LTLIBOBJS=''
MAKEINFO='makeinfo'
PACKAGE_BUGREPORT=''
PACKAGE_NAME=''
PACKAGE_STRING=''
PACKAGE_TARNAME=''
PACKAGE_VERSION=''
PATH_SEPARATOR=':'
SET_MAKE=''
SHELL='/bin/sh'
URL='/usr/share/emacs21/site-lisp/url/'
USE_FONTS=''
W3='/usr/share/emacs21/site-lisp/w3-el/'
WITHOUT_FONTS_bcr=''
WITHOUT_FONTS_bembo=''
WITHOUT_FONTS_pfu=''
WITH_FONTS_bcr='%'
WITH_FONTS_bembo='%'
WITH_FONTS_pfu='%'
XEMACS='no'
bindir='${exec_prefix}/bin'
build_alias=''
datadir='${prefix}/share'
etcdir='$(lispdir)/../../etc'
exec_prefix='${prefix}'
host_alias=''
includedir='${prefix}/include'
info_dir='$(prefix)/info'
infodir='${prefix}/info'
libdir='${exec_prefix}/lib'
libexecdir='${exec_prefix}/libexec'
lispdir='$(datadir)/emacs/site-lisp/gnus'
localstatedir='${prefix}/var'
mandir='${prefix}/man'
oldincludedir='/usr/include'
prefix='/usr'
program_transform_name='s,x,x,'
sbindir='${exec_prefix}/sbin'
sharedstatedir='${prefix}/com'
sysconfdir='${prefix}/etc'
target_alias=''

## ----------- ##
## confdefs.h. ##
## ----------- ##

#define PACKAGE_BUGREPORT ""
#define PACKAGE_NAME ""
#define PACKAGE_STRING ""
#define PACKAGE_TARNAME ""
#define PACKAGE_VERSION ""

configure: exit 0
