This file contains any messages produced by compilers while
running configure, to aid debugging if configure makes a mistake.

It was created by imaxima.el configure imath.el, which was
generated by GNU Autoconf 2.59.  Invocation command line was

  $ ./configure --prefix=/opt/emacs23

## --------- ##
## Platform. ##
## --------- ##

hostname = debianike
uname -m = i686
uname -r = 2.6.18
uname -s = Linux
uname -v = #2 PREEMPT Mon Nov 6 21:13:38 IST 2006

/usr/bin/uname -p = unknown
/bin/uname -X     = unknown

/bin/arch              = i686
/usr/bin/arch -k       = unknown
/usr/convex/getsysinfo = unknown
hostinfo               = unknown
/bin/machine           = unknown
/usr/bin/oslevel       = unknown
/bin/universe          = unknown

PATH: /usr/local/bin
PATH: /usr/bin
PATH: /bin
PATH: /usr/bin/X11
PATH: /usr/games
PATH: .
PATH: /home/ike/bash
PATH: /home/ike/emacs-el/local/bin
PATH: /usr/local/e17/bin/
PATH: .
PATH: .
PATH: /home/ike/bash
PATH: /home/ike/emacs-el/local/bin
PATH: /usr/local/e17/bin/


## ----------- ##
## Core tests. ##
## ----------- ##

configure:1297: checking for a BSD-compatible install
configure:1352: result: /usr/bin/install -c
configure:1363: checking whether build environment is sane
configure:1406: result: yes
configure:1463: checking for gawk
configure:1492: result: no
configure:1463: checking for mawk
configure:1479: found /usr/bin/mawk
configure:1489: result: mawk
configure:1499: checking whether make sets $(MAKE)
configure:1519: result: yes
configure:1696: checking for a BSD-compatible install
configure:1751: result: /usr/bin/install -c
configure:1769: checking for emacs
configure:1795: result: /opt/emacs23/bin/emacs-23.0.0
configure:1819: checking where .elc files should go
configure:1832: $EMACS -batch -q -eval '(while load-path (princ (concat (car load-path) "\n")) (setq load-path (cdr load-path)))' </dev/null >conftest.out
configure:1835: $? = 0
configure:1848: result: ${datadir}/emacs/site-lisp
configure:1982: creating ./config.status

## ---------------------- ##
## Running config.status. ##
## ---------------------- ##

This file was extended by imaxima.el config.status imath.el, which was
generated by GNU Autoconf 2.59.  Invocation command line was

  CONFIG_FILES    = 
  CONFIG_HEADERS  = 
  CONFIG_LINKS    = 
  CONFIG_COMMANDS = 
  $ ./config.status 

on debianike

config.status:653: creating Makefile
config.status:653: creating imaxima-autoconf-variables.el

## ---------------- ##
## Cache variables. ##
## ---------------- ##

ac_cv_env_EMACSLOADPATH_set=
ac_cv_env_EMACSLOADPATH_value=
ac_cv_env_EMACS_set=set
ac_cv_env_EMACS_value=/opt/emacs23/bin/emacs-23.0.0
ac_cv_env_build_alias_set=
ac_cv_env_build_alias_value=
ac_cv_env_host_alias_set=
ac_cv_env_host_alias_value=
ac_cv_env_target_alias_set=
ac_cv_env_target_alias_value=
ac_cv_path_install='/usr/bin/install -c'
ac_cv_prog_AWK=mawk
ac_cv_prog_EMACS=/opt/emacs23/bin/emacs-23.0.0
ac_cv_prog_make_make_set=yes
am_cv_lispdir='${datadir}/emacs/site-lisp'

## ----------------- ##
## Output variables. ##
## ----------------- ##

ACLOCAL='${SHELL} /home/ike/repository/lisp/el/math/maxima/imaxima-imath-0.97/missing --run aclocal-1.8'
AMTAR='${SHELL} /home/ike/repository/lisp/el/math/maxima/imaxima-imath-0.97/missing --run tar'
AUTOCONF='${SHELL} /home/ike/repository/lisp/el/math/maxima/imaxima-imath-0.97/missing --run autoconf'
AUTOHEADER='${SHELL} /home/ike/repository/lisp/el/math/maxima/imaxima-imath-0.97/missing --run autoheader'
AUTOMAKE='${SHELL} /home/ike/repository/lisp/el/math/maxima/imaxima-imath-0.97/missing --run automake-1.8'
AWK='mawk'
CYGPATH_W='echo'
DEFS='-DPACKAGE_NAME=\"imaxima.el\" -DPACKAGE_TARNAME=\"imaxima-el\" -DPACKAGE_VERSION=\"imath.el\" -DPACKAGE_STRING=\"imaxima.el\ imath.el\" -DPACKAGE_BUGREPORT=\"imaxima-autoconf-variables.el\" -DPACKAGE=\"imaxima-imath\" -DVERSION=\"0.97\" '
ECHO_C=''
ECHO_N='-n'
ECHO_T=''
EMACS='/opt/emacs23/bin/emacs-23.0.0'
EMACSLOADPATH=''
INSTALL_DATA='${INSTALL} -m 644'
INSTALL_PROGRAM='${INSTALL}'
INSTALL_SCRIPT='${INSTALL}'
INSTALL_STRIP_PROGRAM='${SHELL} $(install_sh) -c -s'
LIBOBJS=''
LIBS=''
LTLIBOBJS=''
MAKEINFO='${SHELL} /home/ike/repository/lisp/el/math/maxima/imaxima-imath-0.97/missing --run makeinfo'
PACKAGE='imaxima-imath'
PACKAGE_BUGREPORT='imaxima-autoconf-variables.el'
PACKAGE_NAME='imaxima.el'
PACKAGE_STRING='imaxima.el imath.el'
PACKAGE_TARNAME='imaxima-el'
PACKAGE_VERSION='imath.el'
PATH_SEPARATOR=':'
SET_MAKE=''
SHELL='/bin/sh'
STRIP=''
VERSION='0.97'
ac_ct_STRIP=''
am__leading_dot='.'
bindir='${exec_prefix}/bin'
build_alias=''
datadir='${prefix}/share'
exec_prefix='${prefix}'
host_alias=''
includedir='${prefix}/include'
infodir='${prefix}/info'
install_sh='/home/ike/repository/lisp/el/math/maxima/imaxima-imath-0.97/install-sh'
libdir='${exec_prefix}/lib'
libexecdir='${exec_prefix}/libexec'
lispdir='${datadir}/emacs/site-lisp'
localstatedir='${prefix}/var'
mandir='${prefix}/man'
mkdir_p='mkdir -p -- .'
oldincludedir='/usr/include'
prefix='/opt/emacs23'
program_transform_name='s,x,x,'
sbindir='${exec_prefix}/sbin'
sharedstatedir='${prefix}/com'
sysconfdir='${prefix}/etc'
target_alias=''

## ----------- ##
## confdefs.h. ##
## ----------- ##

#define PACKAGE "imaxima-imath"
#define PACKAGE_BUGREPORT "imaxima-autoconf-variables.el"
#define PACKAGE_NAME "imaxima.el"
#define PACKAGE_STRING "imaxima.el imath.el"
#define PACKAGE_TARNAME "imaxima-el"
#define PACKAGE_VERSION "imath.el"
#define VERSION "0.97"

configure: exit 0
